<?xml version="1.0" encoding="UTF-8"?>
<!-- Generated by org.testng.reporters.JUnitXMLReporter -->
<testsuite hostname="DESKTOP-L2JFHC2" ignored="0" name="Default test(failed)" tests="6" failures="0" timestamp="03 Apr 2020 03:34:23 GMT" time="49.052" errors="0">
  <testcase name="@BeforeMethod setup" time="47.872" classname="com.cts.Academic.testcases.HomepageTest">
    <failure type="java.lang.NullPointerException">
      <![CDATA[java.lang.NullPointerException
at org.openqa.selenium.support.pagefactory.DefaultElementLocator.findElement(DefaultElementLocator.java:69)
at org.openqa.selenium.support.pagefactory.internal.LocatingElementHandler.invoke(LocatingElementHandler.java:38)
at com.sun.proxy.$Proxy9.click(Unknown Source)
at com.cts.pages.Academicpage.clickon_signpage(Academicpage.java:51)
at com.cts.Academic.testcases.HomepageTest.setup(HomepageTest.java:32)
... Removed 28 stack frames]]>
    </failure>
  </testcase> <!-- @BeforeMethod setup -->
  <testcase name="@AfterMethod tear_down" time="0.0" classname="com.cts.Academic.testcases.HomepageTest">
    <skipped/>
  </testcase> <!-- @AfterMethod tear_down -->
  <testcase name="@BeforeMethod setup" time="0.0" classname="com.cts.Academic.testcases.HomepageTest">
    <skipped/>
  </testcase> <!-- @BeforeMethod setup -->
  <testcase name="@AfterMethod tear_down" time="0.0" classname="com.cts.Academic.testcases.HomepageTest">
    <skipped/>
  </testcase> <!-- @AfterMethod tear_down -->
  <testcase name="@BeforeMethod setup" time="0.0" classname="com.cts.Academic.testcases.HomepageTest">
    <skipped/>
  </testcase> <!-- @BeforeMethod setup -->
  <testcase name="@AfterMethod tear_down" time="0.0" classname="com.cts.Academic.testcases.HomepageTest">
    <skipped/>
  </testcase> <!-- @AfterMethod tear_down -->
  <testcase name="@BeforeMethod setup" time="0.0" classname="com.cts.Academic.testcases.HomepageTest">
    <skipped/>
  </testcase> <!-- @BeforeMethod setup -->
  <testcase name="@AfterMethod tear_down" time="0.0" classname="com.cts.Academic.testcases.HomepageTest">
    <skipped/>
  </testcase> <!-- @AfterMethod tear_down -->
  <testcase name="@BeforeMethod setup" time="0.0" classname="com.cts.Academic.testcases.HomepageTest">
    <skipped/>
  </testcase> <!-- @BeforeMethod setup -->
  <testcase name="@AfterMethod tear_down" time="0.0" classname="com.cts.Academic.testcases.HomepageTest">
    <skipped/>
  </testcase> <!-- @AfterMethod tear_down -->
  <testcase name="@BeforeMethod setup" time="0.0" classname="com.cts.Academic.testcases.HomepageTest">
    <skipped/>
  </testcase> <!-- @BeforeMethod setup -->
  <testcase name="@AfterMethod tear_down" time="0.0" classname="com.cts.Academic.testcases.HomepageTest">
    <skipped/>
  </testcase> <!-- @AfterMethod tear_down -->
  <testcase name="vertify_homepage_title" time="0.0" classname="com.cts.Academic.testcases.HomepageTest">
    <skipped/>
  </testcase> <!-- vertify_homepage_title -->
  <testcase name="user_name_label_check" time="0.0" classname="com.cts.Academic.testcases.HomepageTest">
    <skipped/>
  </testcase> <!-- user_name_label_check -->
  <testcase name="verify_logo" time="0.007" classname="com.cts.Academic.testcases.HomepageTest">
    <skipped/>
  </testcase> <!-- verify_logo -->
  <testcase name="click_on_Arts_human_link" time="0.0" classname="com.cts.Academic.testcases.HomepageTest">
    <skipped/>
  </testcase> <!-- click_on_Arts_human_link -->
  <testcase name="click_on_medicine_health" time="0.0" classname="com.cts.Academic.testcases.HomepageTest">
    <skipped/>
  </testcase> <!-- click_on_medicine_health -->
  <testcase name="click_on_Acess_purchase_link" time="0.0" classname="com.cts.Academic.testcases.HomepageTest">
    <skipped/>
  </testcase> <!-- click_on_Acess_purchase_link -->
</testsuite> <!-- Default test(failed) -->
