<?xml version="1.0" encoding="UTF-8"?>
<!-- Generated by org.testng.reporters.JUnitXMLReporter -->
<testsuite hostname="DESKTOP-L2JFHC2" ignored="0" name="Default test" tests="4" failures="0" timestamp="05 Apr 2020 05:00:31 GMT" time="138.304" errors="0">
  <testcase name="Registertest_check" time="2.495" classname="com.cts.Academic.testcases.RegisterpageTest"/>
  <testcase name="Registertest_check" time="3.1" classname="com.cts.Academic.testcases.RegisterpageTest"/>
  <testcase name="validate_login_page" time="0.046" classname="com.cts.Academic.testcases.Academicpagetest"/>
  <testcase name="vertify_homepage_title" time="0.096" classname="com.cts.Academic.testcases.HomepageTest"/>
</testsuite> <!-- Default test -->
