<?xml version="1.0" encoding="UTF-8"?>
<!-- Generated by org.testng.reporters.JUnitXMLReporter -->
<testsuite hostname="DESKTOP-L2JFHC2" ignored="0" name="Default test" tests="2" failures="0" timestamp="2020-04-06T13:51:30 IST" time="66.046" errors="0">
  <testcase name="Registertest_check" time="2.478" classname="com.cts.Academic.testcases.RegisterpageTest"/>
  <testcase name="Registertest_check" time="3.038" classname="com.cts.Academic.testcases.RegisterpageTest"/>
</testsuite> <!-- Default test -->
