<?xml version="1.0" encoding="UTF-8"?>
<!-- Generated by org.testng.reporters.JUnitXMLReporter -->
<testsuite hostname="DESKTOP-L2JFHC2" ignored="0" name="Default test" tests="5" failures="0" timestamp="04 Apr 2020 11:22:43 GMT" time="196.704" errors="0">
  <testcase name="validate_login_page" time="0.081" classname="com.cts.Academic.testcases.Academicpagetest"/>
  <testcase name="verify_img" time="0.247" classname="com.cts.Academic.testcases.Academicpagetest"/>
  <testcase name="Registration_link" time="11.728" classname="com.cts.Academic.testcases.Academicpagetest"/>
  <testcase name="validate_signin_link" time="0.059" classname="com.cts.Academic.testcases.Academicpagetest"/>
  <testcase name="login_check" time="3.295" classname="com.cts.Academic.testcases.Academicpagetest"/>
</testsuite> <!-- Default test -->
