<?xml version="1.0" encoding="UTF-8"?>
<!-- Generated by org.testng.reporters.JUnitXMLReporter -->
<testsuite hostname="DESKTOP-L2JFHC2" ignored="0" name="Test" tests="13" failures="0" timestamp="2020-04-07T09:56:19 IST" time="533.804" errors="0">
  <testcase name="vertify_homepage_title" time="0.127" classname="com.cts.Academic.testcases.HomepageTest"/>
  <testcase name="user_name_label_check" time="0.836" classname="com.cts.Academic.testcases.HomepageTest"/>
  <testcase name="verify_logo" time="0.173" classname="com.cts.Academic.testcases.HomepageTest"/>
  <testcase name="click_on_Arts_human_link" time="9.88" classname="com.cts.Academic.testcases.HomepageTest"/>
  <testcase name="click_on_medicine_health" time="7.272" classname="com.cts.Academic.testcases.HomepageTest"/>
  <testcase name="click_on_Acess_purchase_link" time="8.346" classname="com.cts.Academic.testcases.HomepageTest"/>
  <testcase name="validate_login_page" time="0.038" classname="com.cts.Academic.testcases.Academicpagetest"/>
  <testcase name="verify_img" time="0.08" classname="com.cts.Academic.testcases.Academicpagetest"/>
  <testcase name="Registration_link" time="5.479" classname="com.cts.Academic.testcases.Academicpagetest"/>
  <testcase name="validate_signin_link" time="0.086" classname="com.cts.Academic.testcases.Academicpagetest"/>
  <testcase name="login_check" time="4.253" classname="com.cts.Academic.testcases.Academicpagetest"/>
  <testcase name="Registertest_check" time="2.459" classname="com.cts.Academic.testcases.RegisterpageTest"/>
  <testcase name="Registertest_check" time="4.05" classname="com.cts.Academic.testcases.RegisterpageTest"/>
</testsuite> <!-- Test -->
