<?xml version="1.0" encoding="UTF-8"?>
<!-- Generated by org.testng.reporters.JUnitXMLReporter -->
<testsuite hostname="DESKTOP-L2JFHC2" ignored="0" name="com.cts.Academic.Test Cases" tests="13" failures="0" timestamp="2020-04-06T14:08:18 IST" time="484.536" errors="0">
  <testcase name="Registertest_check" time="3.616" classname="com.cts.Academic.testcases.RegisterpageTest"/>
  <testcase name="Registertest_check" time="3.907" classname="com.cts.Academic.testcases.RegisterpageTest"/>
  <testcase name="validate_login_page" time="0.029" classname="com.cts.Academic.testcases.Academicpagetest"/>
  <testcase name="verify_img" time="0.244" classname="com.cts.Academic.testcases.Academicpagetest"/>
  <testcase name="Registration_link" time="5.676" classname="com.cts.Academic.testcases.Academicpagetest"/>
  <testcase name="validate_signin_link" time="0.065" classname="com.cts.Academic.testcases.Academicpagetest"/>
  <testcase name="login_check" time="5.19" classname="com.cts.Academic.testcases.Academicpagetest"/>
  <testcase name="vertify_homepage_title" time="0.018" classname="com.cts.Academic.testcases.HomepageTest"/>
  <testcase name="user_name_label_check" time="0.328" classname="com.cts.Academic.testcases.HomepageTest"/>
  <testcase name="verify_logo" time="0.325" classname="com.cts.Academic.testcases.HomepageTest"/>
  <testcase name="click_on_Arts_human_link" time="7.925" classname="com.cts.Academic.testcases.HomepageTest"/>
  <testcase name="click_on_medicine_health" time="8.939" classname="com.cts.Academic.testcases.HomepageTest"/>
  <testcase name="click_on_Acess_purchase_link" time="8.828" classname="com.cts.Academic.testcases.HomepageTest"/>
</testsuite> <!-- com.cts.Academic.Test Cases -->
